2021-02-14 16:05:26 | [INFO]    | Discordia 2.8.4
2021-02-14 16:05:26 | [INFO]    | Connecting to Discord...
2021-02-14 16:05:26 | [INFO]    | Authenticated as Chad#0921
2021-02-14 16:05:26 | [INFO]    | Launching shard 0 (1 out of 1)...
2021-02-14 16:05:27 | [INFO]    | Shard 0 : Connected to wss://gateway.discord.gg
2021-02-14 16:05:27 | [INFO]    | Shard 0 : Received HELLO
2021-02-14 16:05:27 | [INFO]    | Shard 0 : Received READY
2021-02-14 16:06:41 | [INFO]    | Discordia 2.8.4
2021-02-14 16:06:41 | [INFO]    | Connecting to Discord...
2021-02-14 16:06:41 | [INFO]    | Authenticated as Chad#0921
2021-02-14 16:06:41 | [INFO]    | Launching shard 0 (1 out of 1)...
2021-02-14 16:06:41 | [INFO]    | Shard 0 : Connected to wss://gateway.discord.gg
2021-02-14 16:06:41 | [INFO]    | Shard 0 : Received HELLO
2021-02-14 16:06:41 | [INFO]    | Shard 0 : Received READY
2021-02-14 16:19:10 | [INFO]    | Discordia 2.8.4
2021-02-14 16:19:10 | [INFO]    | Connecting to Discord...
2021-02-14 16:19:10 | [INFO]    | Authenticated as Chad 2.0#0921
2021-02-14 16:19:10 | [INFO]    | Launching shard 0 (1 out of 1)...
2021-02-14 16:19:10 | [INFO]    | Shard 0 : Connected to wss://gateway.discord.gg
2021-02-14 16:19:10 | [INFO]    | Shard 0 : Received HELLO
2021-02-14 16:19:10 | [INFO]    | Shard 0 : Received READY
2021-02-14 16:45:38 | [INFO]    | Discordia 2.8.4
2021-02-14 16:45:38 | [INFO]    | Connecting to Discord...
2021-02-14 16:45:38 | [INFO]    | Authenticated as Chad 2.0#0921
2021-02-14 16:45:38 | [INFO]    | Launching shard 0 (1 out of 1)...
2021-02-14 16:45:38 | [INFO]    | Shard 0 : Connected to wss://gateway.discord.gg
2021-02-14 16:45:38 | [INFO]    | Shard 0 : Received HELLO
2021-02-14 16:45:38 | [INFO]    | Shard 0 : Received READY
2021-02-14 16:53:01 | [INFO]    | Discordia 2.8.4
2021-02-14 16:53:01 | [INFO]    | Connecting to Discord...
2021-02-14 16:53:01 | [INFO]    | Authenticated as Chad 2.0#0921
2021-02-14 16:53:01 | [INFO]    | Launching shard 0 (1 out of 1)...
2021-02-14 16:53:01 | [INFO]    | Shard 0 : Connected to wss://gateway.discord.gg
2021-02-14 16:53:01 | [INFO]    | Shard 0 : Received HELLO
2021-02-14 16:53:02 | [INFO]    | Shard 0 : Received READY
2021-02-14 16:53:28 | [INFO]    | Discordia 2.8.4
2021-02-14 16:53:28 | [INFO]    | Connecting to Discord...
2021-02-14 16:53:29 | [INFO]    | Authenticated as Chad 2.0#0921
2021-02-14 16:53:29 | [INFO]    | Launching shard 0 (1 out of 1)...
2021-02-14 16:53:29 | [INFO]    | Shard 0 : Connected to wss://gateway.discord.gg
2021-02-14 16:53:29 | [INFO]    | Shard 0 : Received HELLO
2021-02-14 16:53:29 | [INFO]    | Shard 0 : Received READY
2021-02-14 16:55:22 | [INFO]    | Discordia 2.8.4
2021-02-14 16:55:22 | [INFO]    | Connecting to Discord...
2021-02-14 16:55:23 | [INFO]    | Authenticated as Chad 2.0#0921
2021-02-14 16:55:23 | [INFO]    | Launching shard 0 (1 out of 1)...
2021-02-14 16:55:23 | [INFO]    | Shard 0 : Connected to wss://gateway.discord.gg
2021-02-14 16:55:23 | [INFO]    | Shard 0 : Received HELLO
2021-02-14 16:55:23 | [INFO]    | Shard 0 : Received READY
2021-02-14 16:56:18 | [INFO]    | Discordia 2.8.4
2021-02-14 16:56:18 | [INFO]    | Connecting to Discord...
2021-02-14 16:56:18 | [INFO]    | Authenticated as Chad 2.0#0921
2021-02-14 16:56:18 | [INFO]    | Launching shard 0 (1 out of 1)...
2021-02-14 16:56:18 | [INFO]    | Shard 0 : Connected to wss://gateway.discord.gg
2021-02-14 16:56:18 | [INFO]    | Shard 0 : Received HELLO
2021-02-14 16:56:18 | [INFO]    | Shard 0 : Received READY
2021-02-14 17:02:48 | [INFO]    | Discordia 2.8.4
2021-02-14 17:02:48 | [INFO]    | Connecting to Discord...
2021-02-14 17:02:48 | [INFO]    | Authenticated as Chad 2.0#0921
2021-02-14 17:02:48 | [INFO]    | Launching shard 0 (1 out of 1)...
2021-02-14 17:02:48 | [INFO]    | Shard 0 : Connected to wss://gateway.discord.gg
2021-02-14 17:02:48 | [INFO]    | Shard 0 : Received HELLO
2021-02-14 17:02:48 | [INFO]    | Shard 0 : Received READY
2021-02-14 17:03:21 | [INFO]    | Discordia 2.8.4
2021-02-14 17:03:21 | [INFO]    | Connecting to Discord...
2021-02-14 17:03:21 | [INFO]    | Authenticated as Chad 2.0#0921
2021-02-14 17:03:21 | [INFO]    | Launching shard 0 (1 out of 1)...
2021-02-14 17:03:22 | [INFO]    | Shard 0 : Connected to wss://gateway.discord.gg
2021-02-14 17:03:22 | [INFO]    | Shard 0 : Received HELLO
2021-02-14 17:03:22 | [INFO]    | Shard 0 : Received READY
2021-02-14 17:04:35 | [INFO]    | Discordia 2.8.4
2021-02-14 17:04:35 | [INFO]    | Connecting to Discord...
2021-02-14 17:04:35 | [INFO]    | Authenticated as Chad 2.0#0921
2021-02-14 17:04:35 | [INFO]    | Launching shard 0 (1 out of 1)...
2021-02-14 17:04:35 | [INFO]    | Shard 0 : Connected to wss://gateway.discord.gg
2021-02-14 17:04:35 | [INFO]    | Shard 0 : Received HELLO
2021-02-14 17:04:35 | [INFO]    | Shard 0 : Received READY
2021-02-14 17:06:20 | [INFO]    | Discordia 2.8.4
2021-02-14 17:06:20 | [INFO]    | Connecting to Discord...
2021-02-14 17:06:20 | [INFO]    | Authenticated as Chad 2.0#0921
2021-02-14 17:06:20 | [INFO]    | Launching shard 0 (1 out of 1)...
2021-02-14 17:06:20 | [INFO]    | Shard 0 : Connected to wss://gateway.discord.gg
2021-02-14 17:06:20 | [INFO]    | Shard 0 : Received HELLO
2021-02-14 17:06:20 | [INFO]    | Shard 0 : Received READY
2021-02-14 17:07:20 | [INFO]    | Discordia 2.8.4
2021-02-14 17:07:20 | [INFO]    | Connecting to Discord...
2021-02-14 17:07:20 | [INFO]    | Authenticated as Chad 2.0#0921
2021-02-14 17:07:20 | [INFO]    | Launching shard 0 (1 out of 1)...
2021-02-14 17:07:21 | [INFO]    | Shard 0 : Connected to wss://gateway.discord.gg
2021-02-14 17:07:21 | [INFO]    | Shard 0 : Received HELLO
2021-02-14 17:07:21 | [INFO]    | Shard 0 : Received READY
2021-02-14 17:08:08 | [INFO]    | Discordia 2.8.4
2021-02-14 17:08:08 | [INFO]    | Connecting to Discord...
2021-02-14 17:08:09 | [INFO]    | Authenticated as Chad 2.0#0921
2021-02-14 17:08:09 | [INFO]    | Launching shard 0 (1 out of 1)...
2021-02-14 17:08:09 | [INFO]    | Shard 0 : Connected to wss://gateway.discord.gg
2021-02-14 17:08:09 | [INFO]    | Shard 0 : Received HELLO
2021-02-14 17:08:09 | [INFO]    | Shard 0 : Received READY
2021-02-14 17:09:00 | [INFO]    | Discordia 2.8.4
2021-02-14 17:09:00 | [INFO]    | Connecting to Discord...
2021-02-14 17:09:00 | [INFO]    | Authenticated as Chad 2.0#0921
2021-02-14 17:09:00 | [INFO]    | Launching shard 0 (1 out of 1)...
2021-02-14 17:09:00 | [INFO]    | Shard 0 : Connected to wss://gateway.discord.gg
2021-02-14 17:09:00 | [INFO]    | Shard 0 : Received HELLO
2021-02-14 17:09:01 | [INFO]    | Shard 0 : Received READY
2021-02-14 17:10:23 | [INFO]    | Discordia 2.8.4
2021-02-14 17:10:23 | [INFO]    | Connecting to Discord...
2021-02-14 17:10:23 | [INFO]    | Authenticated as Chad 2.0#0921
2021-02-14 17:10:23 | [INFO]    | Launching shard 0 (1 out of 1)...
2021-02-14 17:10:23 | [INFO]    | Shard 0 : Connected to wss://gateway.discord.gg
2021-02-14 17:10:23 | [INFO]    | Shard 0 : Received HELLO
2021-02-14 17:10:24 | [INFO]    | Shard 0 : Received READY
2021-02-14 17:10:56 | [INFO]    | Discordia 2.8.4
2021-02-14 17:10:56 | [INFO]    | Connecting to Discord...
2021-02-14 17:10:56 | [INFO]    | Authenticated as Chad 2.0#0921
2021-02-14 17:10:56 | [INFO]    | Launching shard 0 (1 out of 1)...
2021-02-14 17:10:56 | [INFO]    | Shard 0 : Connected to wss://gateway.discord.gg
2021-02-14 17:10:56 | [INFO]    | Shard 0 : Received HELLO
2021-02-14 17:10:57 | [INFO]    | Shard 0 : Received READY
2021-02-14 17:12:09 | [INFO]    | Discordia 2.8.4
2021-02-14 17:12:09 | [INFO]    | Connecting to Discord...
2021-02-14 17:12:09 | [INFO]    | Authenticated as Chad 2.0#0921
2021-02-14 17:12:09 | [INFO]    | Launching shard 0 (1 out of 1)...
2021-02-14 17:12:09 | [INFO]    | Shard 0 : Connected to wss://gateway.discord.gg
2021-02-14 17:12:09 | [INFO]    | Shard 0 : Received HELLO
2021-02-14 17:12:09 | [INFO]    | Shard 0 : Received READY
2021-02-14 17:15:00 | [INFO]    | Discordia 2.8.4
2021-02-14 17:15:00 | [INFO]    | Connecting to Discord...
2021-02-14 17:15:01 | [INFO]    | Authenticated as Chad 2.0#0921
2021-02-14 17:15:01 | [INFO]    | Launching shard 0 (1 out of 1)...
2021-02-14 17:15:01 | [INFO]    | Shard 0 : Connected to wss://gateway.discord.gg
2021-02-14 17:15:01 | [INFO]    | Shard 0 : Received HELLO
2021-02-14 17:15:01 | [INFO]    | Shard 0 : Received READY
2021-02-14 17:19:33 | [INFO]    | Discordia 2.8.4
2021-02-14 17:19:33 | [INFO]    | Connecting to Discord...
2021-02-14 17:19:33 | [INFO]    | Authenticated as Chad 2.0#0921
2021-02-14 17:19:33 | [INFO]    | Launching shard 0 (1 out of 1)...
2021-02-14 17:19:34 | [INFO]    | Shard 0 : Connected to wss://gateway.discord.gg
2021-02-14 17:19:34 | [INFO]    | Shard 0 : Received HELLO
2021-02-14 17:19:34 | [INFO]    | Shard 0 : Received READY
2021-02-14 17:26:11 | [INFO]    | Discordia 2.8.4
2021-02-14 17:26:11 | [INFO]    | Connecting to Discord...
2021-02-14 17:26:11 | [INFO]    | Authenticated as Chad 2.0#0921
2021-02-14 17:26:11 | [INFO]    | Launching shard 0 (1 out of 1)...
2021-02-14 17:26:11 | [INFO]    | Shard 0 : Connected to wss://gateway.discord.gg
2021-02-14 17:26:11 | [INFO]    | Shard 0 : Received HELLO
2021-02-14 17:26:12 | [INFO]    | Shard 0 : Received READY
2021-02-14 17:32:25 | [INFO]    | Discordia 2.8.4
2021-02-14 17:32:25 | [INFO]    | Connecting to Discord...
2021-02-14 17:32:26 | [INFO]    | Authenticated as Chad 2.0#0921
2021-02-14 17:32:26 | [INFO]    | Launching shard 0 (1 out of 1)...
2021-02-14 17:32:26 | [INFO]    | Shard 0 : Connected to wss://gateway.discord.gg
2021-02-14 17:32:26 | [INFO]    | Shard 0 : Received HELLO
2021-02-14 17:32:26 | [INFO]    | Shard 0 : Received READY
2021-02-14 17:35:48 | [INFO]    | Discordia 2.8.4
2021-02-14 17:35:48 | [INFO]    | Connecting to Discord...
2021-02-14 17:35:48 | [INFO]    | Authenticated as Chad 2.0#0921
2021-02-14 17:35:48 | [INFO]    | Launching shard 0 (1 out of 1)...
2021-02-14 17:35:48 | [INFO]    | Shard 0 : Connected to wss://gateway.discord.gg
2021-02-14 17:35:48 | [INFO]    | Shard 0 : Received HELLO
2021-02-14 17:35:49 | [INFO]    | Shard 0 : Received READY
2021-02-14 17:36:39 | [INFO]    | Discordia 2.8.4
2021-02-14 17:36:39 | [INFO]    | Connecting to Discord...
2021-02-14 17:36:39 | [INFO]    | Authenticated as Chad 2.0#0921
2021-02-14 17:36:39 | [INFO]    | Launching shard 0 (1 out of 1)...
2021-02-14 17:36:39 | [INFO]    | Shard 0 : Connected to wss://gateway.discord.gg
2021-02-14 17:36:39 | [INFO]    | Shard 0 : Received HELLO
2021-02-14 17:36:40 | [INFO]    | Shard 0 : Received READY
2021-02-14 17:37:12 | [INFO]    | Discordia 2.8.4
2021-02-14 17:37:12 | [INFO]    | Connecting to Discord...
2021-02-14 17:37:12 | [INFO]    | Authenticated as Chad 2.0#0921
2021-02-14 17:37:12 | [INFO]    | Launching shard 0 (1 out of 1)...
2021-02-14 17:37:12 | [INFO]    | Shard 0 : Connected to wss://gateway.discord.gg
2021-02-14 17:37:12 | [INFO]    | Shard 0 : Received HELLO
2021-02-14 17:37:12 | [INFO]    | Shard 0 : Received READY
2021-02-14 17:37:46 | [INFO]    | Discordia 2.8.4
2021-02-14 17:37:46 | [INFO]    | Connecting to Discord...
2021-02-14 17:37:46 | [INFO]    | Authenticated as Chad 2.0#0921
2021-02-14 17:37:46 | [INFO]    | Launching shard 0 (1 out of 1)...
2021-02-14 17:37:47 | [INFO]    | Shard 0 : Connected to wss://gateway.discord.gg
2021-02-14 17:37:47 | [INFO]    | Shard 0 : Received HELLO
2021-02-14 17:37:47 | [INFO]    | Shard 0 : Received READY
2021-02-14 17:39:03 | [INFO]    | Discordia 2.8.4
2021-02-14 17:39:03 | [INFO]    | Connecting to Discord...
2021-02-14 17:39:03 | [INFO]    | Authenticated as Chad 2.0#0921
2021-02-14 17:39:03 | [INFO]    | Launching shard 0 (1 out of 1)...
2021-02-14 17:39:03 | [INFO]    | Shard 0 : Connected to wss://gateway.discord.gg
2021-02-14 17:39:03 | [INFO]    | Shard 0 : Received HELLO
2021-02-14 17:39:04 | [INFO]    | Shard 0 : Received READY
2021-02-14 17:41:05 | [INFO]    | Discordia 2.8.4
2021-02-14 17:41:05 | [INFO]    | Connecting to Discord...
2021-02-14 17:41:06 | [INFO]    | Authenticated as Chad 2.0#0921
2021-02-14 17:41:06 | [INFO]    | Launching shard 0 (1 out of 1)...
2021-02-14 17:41:06 | [INFO]    | Shard 0 : Connected to wss://gateway.discord.gg
2021-02-14 17:41:06 | [INFO]    | Shard 0 : Received HELLO
2021-02-14 17:41:06 | [INFO]    | Shard 0 : Received READY
2021-02-14 17:41:30 | [INFO]    | Discordia 2.8.4
2021-02-14 17:41:30 | [INFO]    | Connecting to Discord...
2021-02-14 17:41:31 | [INFO]    | Authenticated as Chad 2.0#0921
2021-02-14 17:41:31 | [INFO]    | Launching shard 0 (1 out of 1)...
2021-02-14 17:41:31 | [INFO]    | Shard 0 : Connected to wss://gateway.discord.gg
2021-02-14 17:41:31 | [INFO]    | Shard 0 : Received HELLO
2021-02-14 17:41:31 | [INFO]    | Shard 0 : Received READY
2021-02-14 17:41:45 | [INFO]    | Discordia 2.8.4
2021-02-14 17:41:45 | [INFO]    | Connecting to Discord...
2021-02-14 17:41:46 | [INFO]    | Authenticated as Chad 2.0#0921
2021-02-14 17:41:46 | [INFO]    | Launching shard 0 (1 out of 1)...
2021-02-14 17:41:46 | [INFO]    | Shard 0 : Connected to wss://gateway.discord.gg
2021-02-14 17:41:46 | [INFO]    | Shard 0 : Received HELLO
2021-02-14 17:41:46 | [INFO]    | Shard 0 : Received READY
2021-02-14 17:43:33 | [INFO]    | Discordia 2.8.4
2021-02-14 17:43:33 | [INFO]    | Connecting to Discord...
2021-02-14 17:43:33 | [INFO]    | Authenticated as Chad 2.0#0921
2021-02-14 17:43:33 | [INFO]    | Launching shard 0 (1 out of 1)...
2021-02-14 17:43:33 | [INFO]    | Shard 0 : Connected to wss://gateway.discord.gg
2021-02-14 17:43:33 | [INFO]    | Shard 0 : Received HELLO
2021-02-14 17:43:33 | [INFO]    | Shard 0 : Received READY
2021-02-14 17:43:58 | [INFO]    | Discordia 2.8.4
2021-02-14 17:43:58 | [INFO]    | Connecting to Discord...
2021-02-14 17:43:58 | [INFO]    | Authenticated as Chad 2.0#0921
2021-02-14 17:43:58 | [INFO]    | Launching shard 0 (1 out of 1)...
2021-02-14 17:43:58 | [INFO]    | Shard 0 : Connected to wss://gateway.discord.gg
2021-02-14 17:43:58 | [INFO]    | Shard 0 : Received HELLO
2021-02-14 17:43:58 | [INFO]    | Shard 0 : Received READY
2021-02-14 17:44:54 | [INFO]    | Discordia 2.8.4
2021-02-14 17:44:54 | [INFO]    | Connecting to Discord...
2021-02-14 17:44:54 | [INFO]    | Authenticated as Chad 2.0#0921
2021-02-14 17:44:54 | [INFO]    | Launching shard 0 (1 out of 1)...
2021-02-14 17:44:54 | [INFO]    | Shard 0 : Connected to wss://gateway.discord.gg
2021-02-14 17:44:54 | [INFO]    | Shard 0 : Received HELLO
2021-02-14 17:44:55 | [INFO]    | Shard 0 : Received READY
2021-02-14 17:46:55 | [INFO]    | Discordia 2.8.4
2021-02-14 17:46:55 | [INFO]    | Connecting to Discord...
2021-02-14 17:46:55 | [INFO]    | Authenticated as Chad 2.0#0921
2021-02-14 17:46:55 | [INFO]    | Launching shard 0 (1 out of 1)...
2021-02-14 17:46:55 | [INFO]    | Shard 0 : Connected to wss://gateway.discord.gg
2021-02-14 17:46:55 | [INFO]    | Shard 0 : Received HELLO
2021-02-14 17:46:56 | [INFO]    | Shard 0 : Received READY
2021-02-14 17:54:57 | [INFO]    | Discordia 2.8.4
2021-02-14 17:54:57 | [INFO]    | Connecting to Discord...
2021-02-14 17:54:57 | [INFO]    | Authenticated as Chad 2.0#0921
2021-02-14 17:54:57 | [INFO]    | Launching shard 0 (1 out of 1)...
2021-02-14 17:54:57 | [INFO]    | Shard 0 : Connected to wss://gateway.discord.gg
2021-02-14 17:54:57 | [INFO]    | Shard 0 : Received HELLO
2021-02-14 17:54:57 | [INFO]    | Shard 0 : Received READY
2021-02-14 17:57:34 | [INFO]    | Discordia 2.8.4
2021-02-14 17:57:34 | [INFO]    | Connecting to Discord...
2021-02-14 17:57:34 | [INFO]    | Authenticated as Chad 2.0#0921
2021-02-14 17:57:34 | [INFO]    | Launching shard 0 (1 out of 1)...
2021-02-14 17:57:34 | [INFO]    | Shard 0 : Connected to wss://gateway.discord.gg
2021-02-14 17:57:34 | [INFO]    | Shard 0 : Received HELLO
2021-02-14 17:57:34 | [INFO]    | Shard 0 : Received READY
2021-02-14 20:44:33 | [INFO]    | Discordia 2.8.4
2021-02-14 20:44:33 | [INFO]    | Connecting to Discord...
2021-02-14 20:44:33 | [INFO]    | Authenticated as Chad 2.0#0921
2021-02-14 20:44:34 | [INFO]    | Launching shard 0 (1 out of 1)...
2021-02-14 20:44:34 | [INFO]    | Shard 0 : Connected to wss://gateway.discord.gg
2021-02-14 20:44:34 | [INFO]    | Shard 0 : Received HELLO
2021-02-14 20:44:34 | [INFO]    | Shard 0 : Received READY
2021-02-14 20:45:01 | [INFO]    | Discordia 2.8.4
2021-02-14 20:45:01 | [INFO]    | Connecting to Discord...
2021-02-14 20:45:01 | [INFO]    | Authenticated as Chad 2.0#0921
2021-02-14 20:45:01 | [INFO]    | Launching shard 0 (1 out of 1)...
2021-02-14 20:45:01 | [INFO]    | Shard 0 : Connected to wss://gateway.discord.gg
2021-02-14 20:45:01 | [INFO]    | Shard 0 : Received HELLO
2021-02-14 20:45:01 | [INFO]    | Shard 0 : Received READY
2021-02-14 20:55:41 | [INFO]    | Discordia 2.8.4
2021-02-14 20:55:41 | [INFO]    | Connecting to Discord...
2021-02-14 20:55:41 | [INFO]    | Authenticated as Chad 2.0#0921
2021-02-14 20:55:41 | [INFO]    | Launching shard 0 (1 out of 1)...
2021-02-14 20:55:41 | [INFO]    | Shard 0 : Connected to wss://gateway.discord.gg
2021-02-14 20:55:41 | [INFO]    | Shard 0 : Received HELLO
2021-02-14 20:55:41 | [INFO]    | Shard 0 : Received READY
2021-02-14 20:57:04 | [INFO]    | Discordia 2.8.4
2021-02-14 20:57:04 | [INFO]    | Connecting to Discord...
2021-02-14 20:57:04 | [INFO]    | Authenticated as Chad 2.0#0921
2021-02-14 20:57:04 | [INFO]    | Launching shard 0 (1 out of 1)...
2021-02-14 20:57:04 | [INFO]    | Shard 0 : Connected to wss://gateway.discord.gg
2021-02-14 20:57:04 | [INFO]    | Shard 0 : Received HELLO
2021-02-14 20:57:05 | [INFO]    | Shard 0 : Received READY
2021-02-14 21:07:23 | [INFO]    | Discordia 2.8.4
2021-02-14 21:07:23 | [INFO]    | Connecting to Discord...
2021-02-14 21:07:23 | [INFO]    | Authenticated as Chad 2.0#0921
2021-02-14 21:07:23 | [INFO]    | Launching shard 0 (1 out of 1)...
2021-02-14 21:07:23 | [INFO]    | Shard 0 : Connected to wss://gateway.discord.gg
2021-02-14 21:07:23 | [INFO]    | Shard 0 : Received HELLO
2021-02-14 21:07:23 | [INFO]    | Shard 0 : Received READY
2021-02-14 21:12:06 | [INFO]    | Discordia 2.8.4
2021-02-14 21:12:06 | [INFO]    | Connecting to Discord...
2021-02-14 21:12:06 | [INFO]    | Authenticated as Chad 2.0#0921
2021-02-14 21:12:06 | [INFO]    | Launching shard 0 (1 out of 1)...
2021-02-14 21:12:06 | [INFO]    | Shard 0 : Connected to wss://gateway.discord.gg
2021-02-14 21:12:06 | [INFO]    | Shard 0 : Received HELLO
2021-02-14 21:12:06 | [INFO]    | Shard 0 : Received READY
2021-02-14 21:15:18 | [INFO]    | Discordia 2.8.4
2021-02-14 21:15:18 | [INFO]    | Connecting to Discord...
2021-02-14 21:15:18 | [INFO]    | Authenticated as Chad 2.0#0921
2021-02-14 21:15:18 | [INFO]    | Launching shard 0 (1 out of 1)...
2021-02-14 21:15:18 | [INFO]    | Shard 0 : Connected to wss://gateway.discord.gg
2021-02-14 21:15:18 | [INFO]    | Shard 0 : Received HELLO
2021-02-14 21:15:19 | [INFO]    | Shard 0 : Received READY
2021-02-14 21:15:34 | [INFO]    | Discordia 2.8.4
2021-02-14 21:15:34 | [INFO]    | Connecting to Discord...
2021-02-14 21:15:34 | [INFO]    | Authenticated as Chad 2.0#0921
2021-02-14 21:15:34 | [INFO]    | Launching shard 0 (1 out of 1)...
2021-02-14 21:15:34 | [INFO]    | Shard 0 : Connected to wss://gateway.discord.gg
2021-02-14 21:15:34 | [INFO]    | Shard 0 : Received HELLO
2021-02-14 21:15:34 | [INFO]    | Shard 0 : Received READY
2021-02-14 21:17:16 | [INFO]    | Discordia 2.8.4
2021-02-14 21:17:16 | [INFO]    | Connecting to Discord...
2021-02-14 21:17:16 | [INFO]    | Authenticated as Chad 2.0#0921
2021-02-14 21:17:16 | [INFO]    | Launching shard 0 (1 out of 1)...
2021-02-14 21:17:16 | [INFO]    | Shard 0 : Connected to wss://gateway.discord.gg
2021-02-14 21:17:16 | [INFO]    | Shard 0 : Received HELLO
2021-02-14 21:17:16 | [INFO]    | Shard 0 : Received READY
2021-02-14 21:19:41 | [INFO]    | Discordia 2.8.4
2021-02-14 21:19:41 | [INFO]    | Connecting to Discord...
2021-02-14 21:19:42 | [INFO]    | Authenticated as Chad 2.0#0921
2021-02-14 21:19:42 | [INFO]    | Launching shard 0 (1 out of 1)...
2021-02-14 21:19:42 | [INFO]    | Shard 0 : Connected to wss://gateway.discord.gg
2021-02-14 21:19:42 | [INFO]    | Shard 0 : Received HELLO
2021-02-14 21:19:42 | [INFO]    | Shard 0 : Received READY
2021-02-14 21:20:43 | [INFO]    | Discordia 2.8.4
2021-02-14 21:20:43 | [INFO]    | Connecting to Discord...
2021-02-14 21:20:43 | [INFO]    | Authenticated as Chad 2.0#0921
2021-02-14 21:20:43 | [INFO]    | Launching shard 0 (1 out of 1)...
2021-02-14 21:20:43 | [INFO]    | Shard 0 : Connected to wss://gateway.discord.gg
2021-02-14 21:20:43 | [INFO]    | Shard 0 : Received HELLO
2021-02-14 21:20:43 | [INFO]    | Shard 0 : Received READY
2021-02-14 21:23:36 | [INFO]    | Discordia 2.8.4
2021-02-14 21:23:36 | [INFO]    | Connecting to Discord...
2021-02-14 21:23:36 | [INFO]    | Authenticated as Chad 2.0#0921
2021-02-14 21:23:36 | [INFO]    | Launching shard 0 (1 out of 1)...
2021-02-14 21:23:37 | [INFO]    | Shard 0 : Connected to wss://gateway.discord.gg
2021-02-14 21:23:37 | [INFO]    | Shard 0 : Received HELLO
2021-02-14 21:23:37 | [INFO]    | Shard 0 : Received READY
2021-02-14 21:24:10 | [INFO]    | Discordia 2.8.4
2021-02-14 21:24:10 | [INFO]    | Connecting to Discord...
2021-02-14 21:24:11 | [INFO]    | Authenticated as Chad 2.0#0921
2021-02-14 21:24:11 | [INFO]    | Launching shard 0 (1 out of 1)...
2021-02-14 21:24:11 | [INFO]    | Shard 0 : Connected to wss://gateway.discord.gg
2021-02-14 21:24:11 | [INFO]    | Shard 0 : Received HELLO
2021-02-14 21:24:11 | [INFO]    | Shard 0 : Received READY
2021-02-14 21:24:35 | [INFO]    | Discordia 2.8.4
2021-02-14 21:24:35 | [INFO]    | Connecting to Discord...
2021-02-14 21:24:35 | [INFO]    | Authenticated as Chad 2.0#0921
2021-02-14 21:24:35 | [INFO]    | Launching shard 0 (1 out of 1)...
2021-02-14 21:24:35 | [INFO]    | Shard 0 : Connected to wss://gateway.discord.gg
2021-02-14 21:24:35 | [INFO]    | Shard 0 : Received HELLO
2021-02-14 21:24:36 | [INFO]    | Shard 0 : Received READY
2021-02-14 21:28:25 | [INFO]    | Discordia 2.8.4
2021-02-14 21:28:25 | [INFO]    | Connecting to Discord...
2021-02-14 21:28:26 | [INFO]    | Authenticated as Chad 2.0#0921
2021-02-14 21:28:26 | [INFO]    | Launching shard 0 (1 out of 1)...
2021-02-14 21:28:26 | [INFO]    | Shard 0 : Connected to wss://gateway.discord.gg
2021-02-14 21:28:26 | [INFO]    | Shard 0 : Received HELLO
2021-02-14 21:28:26 | [INFO]    | Shard 0 : Received READY
2021-02-14 21:29:43 | [INFO]    | Discordia 2.8.4
2021-02-14 21:29:43 | [INFO]    | Connecting to Discord...
2021-02-14 21:29:44 | [INFO]    | Authenticated as Chad 2.0#0921
2021-02-14 21:29:44 | [INFO]    | Launching shard 0 (1 out of 1)...
2021-02-14 21:29:44 | [INFO]    | Shard 0 : Connected to wss://gateway.discord.gg
2021-02-14 21:29:44 | [INFO]    | Shard 0 : Received HELLO
2021-02-14 21:29:44 | [INFO]    | Shard 0 : Received READY
2021-02-14 21:36:06 | [INFO]    | Discordia 2.8.4
2021-02-14 21:36:06 | [INFO]    | Connecting to Discord...
2021-02-14 21:36:06 | [INFO]    | Authenticated as Chad 2.0#0921
2021-02-14 21:36:06 | [INFO]    | Launching shard 0 (1 out of 1)...
2021-02-14 21:36:06 | [INFO]    | Shard 0 : Connected to wss://gateway.discord.gg
2021-02-14 21:36:06 | [INFO]    | Shard 0 : Received HELLO
2021-02-14 21:36:06 | [INFO]    | Shard 0 : Received READY
2021-02-14 21:36:51 | [INFO]    | Discordia 2.8.4
2021-02-14 21:36:51 | [INFO]    | Connecting to Discord...
2021-02-14 21:36:51 | [INFO]    | Authenticated as Chad 2.0#0921
2021-02-14 21:36:51 | [INFO]    | Launching shard 0 (1 out of 1)...
2021-02-14 21:36:51 | [INFO]    | Shard 0 : Connected to wss://gateway.discord.gg
2021-02-14 21:36:51 | [INFO]    | Shard 0 : Received HELLO
2021-02-14 21:36:51 | [INFO]    | Shard 0 : Received READY
2021-02-14 21:38:17 | [INFO]    | Discordia 2.8.4
2021-02-14 21:38:17 | [INFO]    | Connecting to Discord...
2021-02-14 21:38:17 | [INFO]    | Authenticated as Chad 2.0#0921
2021-02-14 21:38:17 | [INFO]    | Launching shard 0 (1 out of 1)...
2021-02-14 21:38:17 | [INFO]    | Shard 0 : Connected to wss://gateway.discord.gg
2021-02-14 21:38:17 | [INFO]    | Shard 0 : Received HELLO
2021-02-14 21:38:17 | [INFO]    | Shard 0 : Received READY
2021-02-14 21:40:37 | [INFO]    | Discordia 2.8.4
2021-02-14 21:40:37 | [INFO]    | Connecting to Discord...
2021-02-14 21:40:37 | [INFO]    | Authenticated as Chad 2.0#0921
2021-02-14 21:40:37 | [INFO]    | Launching shard 0 (1 out of 1)...
2021-02-14 21:40:37 | [INFO]    | Shard 0 : Connected to wss://gateway.discord.gg
2021-02-14 21:40:37 | [INFO]    | Shard 0 : Received HELLO
2021-02-14 21:40:37 | [INFO]    | Shard 0 : Received READY
2021-02-14 21:40:54 | [INFO]    | Discordia 2.8.4
2021-02-14 21:40:54 | [INFO]    | Connecting to Discord...
2021-02-14 21:40:54 | [INFO]    | Authenticated as Chad 2.0#0921
2021-02-14 21:40:54 | [INFO]    | Launching shard 0 (1 out of 1)...
2021-02-14 21:40:54 | [INFO]    | Shard 0 : Connected to wss://gateway.discord.gg
2021-02-14 21:40:54 | [INFO]    | Shard 0 : Received HELLO
2021-02-14 21:40:54 | [INFO]    | Shard 0 : Received READY
2021-02-14 21:41:00 | [INFO]    | Discordia 2.8.4
2021-02-14 21:41:00 | [INFO]    | Connecting to Discord...
2021-02-14 21:41:00 | [INFO]    | Authenticated as Chad 2.0#0921
2021-02-14 21:41:00 | [INFO]    | Launching shard 0 (1 out of 1)...
2021-02-14 21:41:01 | [INFO]    | Shard 0 : Connected to wss://gateway.discord.gg
2021-02-14 21:41:01 | [INFO]    | Shard 0 : Received HELLO
2021-02-14 21:41:01 | [INFO]    | Shard 0 : Received READY
2021-02-14 21:43:19 | [INFO]    | Discordia 2.8.4
2021-02-14 21:43:19 | [INFO]    | Connecting to Discord...
2021-02-14 21:43:19 | [INFO]    | Authenticated as Chad 2.0#0921
2021-02-14 21:43:19 | [INFO]    | Launching shard 0 (1 out of 1)...
2021-02-14 21:43:19 | [INFO]    | Shard 0 : Connected to wss://gateway.discord.gg
2021-02-14 21:43:19 | [INFO]    | Shard 0 : Received HELLO
2021-02-14 21:43:19 | [INFO]    | Shard 0 : Received READY
2021-02-14 21:44:24 | [INFO]    | Discordia 2.8.4
2021-02-14 21:44:24 | [INFO]    | Connecting to Discord...
2021-02-14 21:44:24 | [INFO]    | Authenticated as Chad 2.0#0921
2021-02-14 21:44:24 | [INFO]    | Launching shard 0 (1 out of 1)...
2021-02-14 21:44:24 | [INFO]    | Shard 0 : Connected to wss://gateway.discord.gg
2021-02-14 21:44:24 | [INFO]    | Shard 0 : Received HELLO
2021-02-14 21:44:25 | [INFO]    | Shard 0 : Received READY
2021-02-14 21:44:45 | [INFO]    | Discordia 2.8.4
2021-02-14 21:44:45 | [INFO]    | Connecting to Discord...
2021-02-14 21:44:45 | [INFO]    | Authenticated as Chad 2.0#0921
2021-02-14 21:44:45 | [INFO]    | Launching shard 0 (1 out of 1)...
2021-02-14 21:44:45 | [INFO]    | Shard 0 : Connected to wss://gateway.discord.gg
2021-02-14 21:44:45 | [INFO]    | Shard 0 : Received HELLO
2021-02-14 21:44:46 | [INFO]    | Shard 0 : Received READY
2021-02-14 21:45:13 | [INFO]    | Discordia 2.8.4
2021-02-14 21:45:13 | [INFO]    | Connecting to Discord...
2021-02-14 21:45:13 | [INFO]    | Authenticated as Chad 2.0#0921
2021-02-14 21:45:13 | [INFO]    | Launching shard 0 (1 out of 1)...
2021-02-14 21:45:13 | [INFO]    | Shard 0 : Connected to wss://gateway.discord.gg
2021-02-14 21:45:13 | [INFO]    | Shard 0 : Received HELLO
2021-02-14 21:45:14 | [INFO]    | Shard 0 : Received READY
2021-02-14 21:47:35 | [INFO]    | Discordia 2.8.4
2021-02-14 21:47:35 | [INFO]    | Connecting to Discord...
2021-02-14 21:47:35 | [INFO]    | Authenticated as Chad 2.0#0921
2021-02-14 21:47:35 | [INFO]    | Launching shard 0 (1 out of 1)...
2021-02-14 21:47:35 | [INFO]    | Shard 0 : Connected to wss://gateway.discord.gg
2021-02-14 21:47:35 | [INFO]    | Shard 0 : Received HELLO
2021-02-14 21:47:35 | [INFO]    | Shard 0 : Received READY
2021-02-14 21:48:49 | [INFO]    | Discordia 2.8.4
2021-02-14 21:48:49 | [INFO]    | Connecting to Discord...
2021-02-14 21:48:49 | [INFO]    | Authenticated as Chad 2.0#0921
2021-02-14 21:48:49 | [INFO]    | Launching shard 0 (1 out of 1)...
2021-02-14 21:48:49 | [INFO]    | Shard 0 : Connected to wss://gateway.discord.gg
2021-02-14 21:48:49 | [INFO]    | Shard 0 : Received HELLO
2021-02-14 21:48:49 | [INFO]    | Shard 0 : Received READY
2021-02-14 21:49:52 | [INFO]    | Discordia 2.8.4
2021-02-14 21:49:52 | [INFO]    | Connecting to Discord...
2021-02-14 21:49:53 | [INFO]    | Authenticated as Chad 2.0#0921
2021-02-14 21:49:53 | [INFO]    | Launching shard 0 (1 out of 1)...
2021-02-14 21:49:53 | [INFO]    | Shard 0 : Connected to wss://gateway.discord.gg
2021-02-14 21:49:53 | [INFO]    | Shard 0 : Received HELLO
2021-02-14 21:49:53 | [INFO]    | Shard 0 : Received READY
2021-02-14 21:52:24 | [INFO]    | Discordia 2.8.4
2021-02-14 21:52:24 | [INFO]    | Connecting to Discord...
2021-02-14 21:52:24 | [INFO]    | Authenticated as Chad 2.0#0921
2021-02-14 21:52:24 | [INFO]    | Launching shard 0 (1 out of 1)...
2021-02-14 21:52:25 | [INFO]    | Shard 0 : Connected to wss://gateway.discord.gg
2021-02-14 21:52:25 | [INFO]    | Shard 0 : Received HELLO
2021-02-14 21:52:25 | [INFO]    | Shard 0 : Received READY
2021-02-14 22:02:58 | [INFO]    | Discordia 2.8.4
2021-02-14 22:02:58 | [INFO]    | Connecting to Discord...
2021-02-14 22:02:58 | [INFO]    | Authenticated as Chad 2.0#0921
2021-02-14 22:02:58 | [INFO]    | Launching shard 0 (1 out of 1)...
2021-02-14 22:02:58 | [INFO]    | Shard 0 : Connected to wss://gateway.discord.gg
2021-02-14 22:02:58 | [INFO]    | Shard 0 : Received HELLO
2021-02-14 22:02:58 | [INFO]    | Shard 0 : Received READY
2021-02-14 22:03:37 | [INFO]    | Discordia 2.8.4
2021-02-14 22:03:37 | [INFO]    | Connecting to Discord...
2021-02-14 22:03:37 | [INFO]    | Authenticated as Chad 2.0#0921
2021-02-14 22:03:37 | [INFO]    | Launching shard 0 (1 out of 1)...
2021-02-14 22:03:37 | [INFO]    | Shard 0 : Connected to wss://gateway.discord.gg
2021-02-14 22:03:37 | [INFO]    | Shard 0 : Received HELLO
2021-02-14 22:03:37 | [INFO]    | Shard 0 : Received READY
2021-02-14 22:04:13 | [INFO]    | Discordia 2.8.4
2021-02-14 22:04:13 | [INFO]    | Connecting to Discord...
2021-02-14 22:04:13 | [INFO]    | Authenticated as Chad 2.0#0921
2021-02-14 22:04:13 | [INFO]    | Launching shard 0 (1 out of 1)...
2021-02-14 22:04:14 | [INFO]    | Shard 0 : Connected to wss://gateway.discord.gg
2021-02-14 22:04:14 | [INFO]    | Shard 0 : Received HELLO
2021-02-14 22:04:14 | [INFO]    | Shard 0 : Received READY
2021-02-14 22:16:46 | [INFO]    | Discordia 2.8.4
2021-02-14 22:16:46 | [INFO]    | Connecting to Discord...
2021-02-14 22:16:46 | [INFO]    | Authenticated as Chad 2.0#0921
2021-02-14 22:16:46 | [INFO]    | Launching shard 0 (1 out of 1)...
2021-02-14 22:16:46 | [INFO]    | Shard 0 : Connected to wss://gateway.discord.gg
2021-02-14 22:16:46 | [INFO]    | Shard 0 : Received HELLO
2021-02-14 22:16:46 | [INFO]    | Shard 0 : Received READY
2021-02-14 22:17:09 | [INFO]    | Discordia 2.8.4
2021-02-14 22:17:09 | [INFO]    | Connecting to Discord...
2021-02-14 22:17:09 | [INFO]    | Authenticated as Chad 2.0#0921
2021-02-14 22:17:09 | [INFO]    | Launching shard 0 (1 out of 1)...
2021-02-14 22:17:09 | [INFO]    | Shard 0 : Connected to wss://gateway.discord.gg
2021-02-14 22:17:09 | [INFO]    | Shard 0 : Received HELLO
2021-02-14 22:17:09 | [INFO]    | Shard 0 : Received READY
2021-02-17 14:04:58 | [INFO]    | Discordia 2.8.4
2021-02-17 14:04:58 | [INFO]    | Connecting to Discord...
2021-02-17 14:04:58 | [INFO]    | Authenticated as Chad 2.0#0921
2021-02-17 14:04:58 | [INFO]    | Launching shard 0 (1 out of 1)...
2021-02-17 14:04:58 | [INFO]    | Shard 0 : Connected to wss://gateway.discord.gg
2021-02-17 14:04:58 | [INFO]    | Shard 0 : Received HELLO
2021-02-17 14:04:58 | [INFO]    | Shard 0 : Received READY
2021-03-08 21:56:33 | [INFO]    | Discordia 2.8.4
2021-03-08 21:56:33 | [INFO]    | Connecting to Discord...
2021-03-08 21:56:33 | [INFO]    | Authenticated as Chad 2.0#0921
2021-03-08 21:56:33 | [INFO]    | Launching shard 0 (1 out of 1)...
2021-03-08 21:56:33 | [INFO]    | Shard 0 : Connected to wss://gateway.discord.gg
2021-03-08 21:56:33 | [INFO]    | Shard 0 : Received HELLO
2021-03-08 21:56:33 | [INFO]    | Shard 0 : Received READY
2021-05-17 18:10:15 | [INFO]    | Discordia 2.8.4
2021-05-17 18:10:15 | [INFO]    | Connecting to Discord...
2021-05-17 18:10:15 | [INFO]    | Authenticated as Chad 2.0#0921
2021-05-17 18:10:16 | [INFO]    | Launching shard 0 (1 out of 1)...
2021-05-17 18:10:16 | [INFO]    | Shard 0 : Connected to wss://gateway.discord.gg
2021-05-17 18:10:16 | [INFO]    | Shard 0 : Received HELLO
2021-05-17 18:10:16 | [INFO]    | Shard 0 : Received READY
2021-05-17 18:11:58 | [INFO]    | Discordia 2.8.4
2021-05-17 18:11:58 | [INFO]    | Connecting to Discord...
2021-05-17 18:11:58 | [INFO]    | Authenticated as Chad 2.0#0921
2021-05-17 18:11:58 | [INFO]    | Launching shard 0 (1 out of 1)...
2021-05-17 18:11:59 | [INFO]    | Shard 0 : Connected to wss://gateway.discord.gg
2021-05-17 18:11:59 | [INFO]    | Shard 0 : Received HELLO
2021-05-17 18:11:59 | [INFO]    | Shard 0 : Received READY
2021-05-17 18:14:35 | [INFO]    | Discordia 2.8.4
2021-05-17 18:14:35 | [INFO]    | Connecting to Discord...
2021-05-17 18:14:35 | [INFO]    | Authenticated as Chad 2.0#0921
2021-05-17 18:14:35 | [INFO]    | Launching shard 0 (1 out of 1)...
2021-05-17 18:14:35 | [INFO]    | Shard 0 : Connected to wss://gateway.discord.gg
2021-05-17 18:14:35 | [INFO]    | Shard 0 : Received HELLO
2021-05-17 18:14:35 | [INFO]    | Shard 0 : Received READY
2021-05-17 18:17:03 | [INFO]    | Discordia 2.8.4
2021-05-17 18:17:03 | [INFO]    | Connecting to Discord...
2021-05-17 18:17:03 | [INFO]    | Authenticated as Chad 2.0#0921
2021-05-17 18:17:03 | [INFO]    | Launching shard 0 (1 out of 1)...
2021-05-17 18:17:04 | [INFO]    | Shard 0 : Connected to wss://gateway.discord.gg
2021-05-17 18:17:04 | [INFO]    | Shard 0 : Received HELLO
2021-05-17 18:17:04 | [INFO]    | Shard 0 : Received READY
2021-05-17 18:17:41 | [INFO]    | Discordia 2.8.4
2021-05-17 18:17:41 | [INFO]    | Connecting to Discord...
2021-05-17 18:17:41 | [INFO]    | Authenticated as Chad 2.0#0921
2021-05-17 18:17:41 | [INFO]    | Launching shard 0 (1 out of 1)...
2021-05-17 18:17:41 | [INFO]    | Shard 0 : Connected to wss://gateway.discord.gg
2021-05-17 18:17:41 | [INFO]    | Shard 0 : Received HELLO
2021-05-17 18:17:41 | [INFO]    | Shard 0 : Received READY
2021-05-17 18:19:20 | [INFO]    | Discordia 2.8.4
2021-05-17 18:19:20 | [INFO]    | Connecting to Discord...
2021-05-17 18:19:20 | [INFO]    | Authenticated as Chad 2.0#0921
2021-05-17 18:19:20 | [INFO]    | Launching shard 0 (1 out of 1)...
2021-05-17 18:19:20 | [INFO]    | Shard 0 : Connected to wss://gateway.discord.gg
2021-05-17 18:19:20 | [INFO]    | Shard 0 : Received HELLO
2021-05-17 18:19:20 | [INFO]    | Shard 0 : Received READY
2021-05-17 18:20:05 | [INFO]    | Discordia 2.8.4
2021-05-17 18:20:05 | [INFO]    | Connecting to Discord...
2021-05-17 18:20:06 | [INFO]    | Authenticated as Chad 2.0#0921
2021-05-17 18:20:06 | [INFO]    | Launching shard 0 (1 out of 1)...
2021-05-17 18:20:06 | [INFO]    | Shard 0 : Connected to wss://gateway.discord.gg
2021-05-17 18:20:06 | [INFO]    | Shard 0 : Received HELLO
2021-05-17 18:20:06 | [INFO]    | Shard 0 : Received READY
2021-05-17 18:54:06 | [WARNING] | Shard 0 : Discord has requested a reconnection
2021-05-17 18:54:06 | [INFO]    | Shard 0 : Disconnected
2021-05-17 18:54:06 | [INFO]    | Shard 0 : Reconnecting...
2021-05-17 18:54:06 | [INFO]    | Shard 0 : Connected to wss://gateway.discord.gg
2021-05-17 18:54:06 | [INFO]    | Shard 0 : Received HELLO
2021-05-17 18:54:07 | [INFO]    | Shard 0 : Received RESUMED
2021-05-28 19:31:49 | [INFO]    | Discordia 2.8.4
2021-05-28 19:31:49 | [INFO]    | Connecting to Discord...
2021-05-28 19:31:49 | [INFO]    | Authenticated as Chad 2.0#0921
2021-05-28 19:31:50 | [INFO]    | Launching shard 0 (1 out of 1)...
2021-05-28 19:31:50 | [INFO]    | Shard 0 : Connected to wss://gateway.discord.gg
2021-05-28 19:31:50 | [INFO]    | Shard 0 : Received HELLO
2021-05-28 19:31:50 | [INFO]    | Shard 0 : Received READY
2021-05-28 19:32:15 | [INFO]    | Discordia 2.8.4
2021-05-28 19:32:15 | [INFO]    | Connecting to Discord...
2021-05-28 19:32:15 | [INFO]    | Authenticated as Chad 2.0#0921
2021-05-28 19:32:15 | [INFO]    | Launching shard 0 (1 out of 1)...
2021-05-28 19:32:15 | [INFO]    | Shard 0 : Connected to wss://gateway.discord.gg
2021-05-28 19:32:15 | [INFO]    | Shard 0 : Received HELLO
2021-05-28 19:32:15 | [INFO]    | Shard 0 : Received READY
2021-05-28 19:36:01 | [INFO]    | Discordia 2.8.4
2021-05-28 19:36:01 | [INFO]    | Connecting to Discord...
2021-05-28 19:36:01 | [INFO]    | Authenticated as Chad 2.0#0921
2021-05-28 19:36:01 | [INFO]    | Launching shard 0 (1 out of 1)...
2021-05-28 19:36:01 | [INFO]    | Shard 0 : Connected to wss://gateway.discord.gg
2021-05-28 19:36:01 | [INFO]    | Shard 0 : Received HELLO
2021-05-28 19:36:01 | [INFO]    | Shard 0 : Received READY
2021-05-28 19:36:16 | [INFO]    | Discordia 2.8.4
2021-05-28 19:36:16 | [INFO]    | Connecting to Discord...
2021-05-28 19:36:16 | [INFO]    | Authenticated as Chad 2.0#0921
2021-05-28 19:36:16 | [INFO]    | Launching shard 0 (1 out of 1)...
2021-05-28 19:36:16 | [INFO]    | Shard 0 : Connected to wss://gateway.discord.gg
2021-05-28 19:36:16 | [INFO]    | Shard 0 : Received HELLO
2021-05-28 19:36:17 | [INFO]    | Shard 0 : Received READY
2021-05-28 19:36:24 | [INFO]    | Discordia 2.8.4
2021-05-28 19:36:24 | [INFO]    | Connecting to Discord...
2021-05-28 19:36:24 | [INFO]    | Authenticated as Chad 2.0#0921
2021-05-28 19:36:24 | [INFO]    | Launching shard 0 (1 out of 1)...
2021-05-28 19:36:24 | [INFO]    | Shard 0 : Connected to wss://gateway.discord.gg
2021-05-28 19:36:24 | [INFO]    | Shard 0 : Received HELLO
2021-05-28 19:36:24 | [INFO]    | Shard 0 : Received READY
2021-05-28 19:36:55 | [INFO]    | Discordia 2.8.4
2021-05-28 19:36:55 | [INFO]    | Connecting to Discord...
2021-05-28 19:36:55 | [INFO]    | Authenticated as Chad 2.0#0921
2021-05-28 19:36:55 | [INFO]    | Launching shard 0 (1 out of 1)...
2021-05-28 19:36:55 | [INFO]    | Shard 0 : Connected to wss://gateway.discord.gg
2021-05-28 19:36:55 | [INFO]    | Shard 0 : Received HELLO
2021-05-28 19:36:55 | [INFO]    | Shard 0 : Received READY
2021-05-28 19:37:22 | [INFO]    | Discordia 2.8.4
2021-05-28 19:37:22 | [INFO]    | Connecting to Discord...
2021-05-28 19:37:22 | [INFO]    | Authenticated as Chad 2.0#0921
2021-05-28 19:37:22 | [INFO]    | Launching shard 0 (1 out of 1)...
2021-05-28 19:37:23 | [INFO]    | Shard 0 : Connected to wss://gateway.discord.gg
2021-05-28 19:37:23 | [INFO]    | Shard 0 : Received HELLO
2021-05-28 19:37:23 | [INFO]    | Shard 0 : Received READY
2021-05-28 19:37:46 | [INFO]    | Discordia 2.8.4
2021-05-28 19:37:46 | [INFO]    | Connecting to Discord...
2021-05-28 19:37:46 | [INFO]    | Authenticated as Chad 2.0#0921
2021-05-28 19:37:46 | [INFO]    | Launching shard 0 (1 out of 1)...
2021-05-28 19:37:46 | [INFO]    | Shard 0 : Connected to wss://gateway.discord.gg
2021-05-28 19:37:46 | [INFO]    | Shard 0 : Received HELLO
2021-05-28 19:37:46 | [INFO]    | Shard 0 : Received READY
2021-05-28 19:40:18 | [INFO]    | Discordia 2.8.4
2021-05-28 19:40:18 | [INFO]    | Connecting to Discord...
2021-05-28 19:40:19 | [INFO]    | Authenticated as Chad 2.0#0921
2021-05-28 19:40:19 | [INFO]    | Launching shard 0 (1 out of 1)...
2021-05-28 19:40:19 | [INFO]    | Shard 0 : Connected to wss://gateway.discord.gg
2021-05-28 19:40:19 | [INFO]    | Shard 0 : Received HELLO
2021-05-28 19:40:19 | [INFO]    | Shard 0 : Received READY
2021-05-28 19:41:11 | [INFO]    | Discordia 2.8.4
2021-05-28 19:41:11 | [INFO]    | Connecting to Discord...
2021-05-28 19:41:12 | [INFO]    | Authenticated as Chad 2.0#0921
2021-05-28 19:41:12 | [INFO]    | Launching shard 0 (1 out of 1)...
2021-05-28 19:41:12 | [INFO]    | Shard 0 : Connected to wss://gateway.discord.gg
2021-05-28 19:41:12 | [INFO]    | Shard 0 : Received HELLO
2021-05-28 19:41:12 | [INFO]    | Shard 0 : Received READY
2021-05-28 19:41:59 | [INFO]    | Discordia 2.8.4
2021-05-28 19:41:59 | [INFO]    | Connecting to Discord...
2021-05-28 19:41:59 | [INFO]    | Authenticated as Chad 2.0#0921
2021-05-28 19:41:59 | [INFO]    | Launching shard 0 (1 out of 1)...
2021-05-28 19:41:59 | [INFO]    | Shard 0 : Connected to wss://gateway.discord.gg
2021-05-28 19:41:59 | [INFO]    | Shard 0 : Received HELLO
2021-05-28 19:41:59 | [INFO]    | Shard 0 : Received READY
2021-05-28 19:42:45 | [INFO]    | Discordia 2.8.4
2021-05-28 19:42:45 | [INFO]    | Connecting to Discord...
2021-05-28 19:42:45 | [INFO]    | Authenticated as Chad 2.0#0921
2021-05-28 19:42:45 | [INFO]    | Launching shard 0 (1 out of 1)...
2021-05-28 19:42:45 | [INFO]    | Shard 0 : Connected to wss://gateway.discord.gg
2021-05-28 19:42:45 | [INFO]    | Shard 0 : Received HELLO
2021-05-28 19:42:45 | [INFO]    | Shard 0 : Received READY
2021-05-28 19:43:17 | [INFO]    | Discordia 2.8.4
2021-05-28 19:43:17 | [INFO]    | Connecting to Discord...
2021-05-28 19:43:17 | [INFO]    | Authenticated as Chad 2.0#0921
2021-05-28 19:43:17 | [INFO]    | Launching shard 0 (1 out of 1)...
2021-05-28 19:43:17 | [INFO]    | Shard 0 : Connected to wss://gateway.discord.gg
2021-05-28 19:43:17 | [INFO]    | Shard 0 : Received HELLO
2021-05-28 19:43:17 | [INFO]    | Shard 0 : Received READY
2021-05-28 19:43:31 | [INFO]    | Discordia 2.8.4
2021-05-28 19:43:31 | [INFO]    | Connecting to Discord...
2021-05-28 19:43:31 | [INFO]    | Authenticated as Chad 2.0#0921
2021-05-28 19:43:31 | [INFO]    | Launching shard 0 (1 out of 1)...
2021-05-28 19:43:31 | [INFO]    | Shard 0 : Connected to wss://gateway.discord.gg
2021-05-28 19:43:31 | [INFO]    | Shard 0 : Received HELLO
2021-05-28 19:43:31 | [INFO]    | Shard 0 : Received READY
2021-05-28 19:43:42 | [INFO]    | Discordia 2.8.4
2021-05-28 19:43:42 | [INFO]    | Connecting to Discord...
2021-05-28 19:43:42 | [INFO]    | Authenticated as Chad 2.0#0921
2021-05-28 19:43:42 | [INFO]    | Launching shard 0 (1 out of 1)...
2021-05-28 19:43:42 | [INFO]    | Shard 0 : Connected to wss://gateway.discord.gg
2021-05-28 19:43:42 | [INFO]    | Shard 0 : Received HELLO
2021-05-28 19:43:42 | [INFO]    | Shard 0 : Received READY
2021-05-28 19:43:49 | [INFO]    | Discordia 2.8.4
2021-05-28 19:43:49 | [INFO]    | Connecting to Discord...
2021-05-28 19:43:50 | [INFO]    | Authenticated as Chad 2.0#0921
2021-05-28 19:43:50 | [INFO]    | Launching shard 0 (1 out of 1)...
2021-05-28 19:43:50 | [INFO]    | Shard 0 : Connected to wss://gateway.discord.gg
2021-05-28 19:43:50 | [INFO]    | Shard 0 : Received HELLO
2021-05-28 19:43:50 | [INFO]    | Shard 0 : Received READY
2021-05-28 19:44:55 | [INFO]    | Discordia 2.8.4
2021-05-28 19:44:55 | [INFO]    | Connecting to Discord...
2021-05-28 19:44:55 | [INFO]    | Authenticated as Chad 2.0#0921
2021-05-28 19:44:55 | [INFO]    | Launching shard 0 (1 out of 1)...
2021-05-28 19:44:55 | [INFO]    | Shard 0 : Connected to wss://gateway.discord.gg
2021-05-28 19:44:55 | [INFO]    | Shard 0 : Received HELLO
2021-05-28 19:44:55 | [INFO]    | Shard 0 : Received READY
2021-05-28 19:50:51 | [INFO]    | Discordia 2.8.4
2021-05-28 19:50:51 | [INFO]    | Connecting to Discord...
2021-05-28 19:50:51 | [INFO]    | Authenticated as Chad 2.0#0921
2021-05-28 19:50:51 | [INFO]    | Launching shard 0 (1 out of 1)...
2021-05-28 19:50:51 | [INFO]    | Shard 0 : Connected to wss://gateway.discord.gg
2021-05-28 19:50:51 | [INFO]    | Shard 0 : Received HELLO
2021-05-28 19:50:51 | [INFO]    | Shard 0 : Received READY
2021-05-28 19:51:24 | [INFO]    | Discordia 2.8.4
2021-05-28 19:51:24 | [INFO]    | Connecting to Discord...
2021-05-28 19:51:24 | [INFO]    | Authenticated as Chad 2.0#0921
2021-05-28 19:51:24 | [INFO]    | Launching shard 0 (1 out of 1)...
2021-05-28 19:51:24 | [INFO]    | Shard 0 : Connected to wss://gateway.discord.gg
2021-05-28 19:51:24 | [INFO]    | Shard 0 : Received HELLO
2021-05-28 19:51:24 | [INFO]    | Shard 0 : Received READY
2021-05-28 19:51:35 | [INFO]    | Discordia 2.8.4
2021-05-28 19:51:35 | [INFO]    | Connecting to Discord...
2021-05-28 19:51:35 | [INFO]    | Authenticated as Chad 2.0#0921
2021-05-28 19:51:35 | [INFO]    | Launching shard 0 (1 out of 1)...
2021-05-28 19:51:35 | [INFO]    | Shard 0 : Connected to wss://gateway.discord.gg
2021-05-28 19:51:35 | [INFO]    | Shard 0 : Received HELLO
2021-05-28 19:51:36 | [INFO]    | Shard 0 : Received READY
2021-05-28 19:53:27 | [INFO]    | Discordia 2.8.4
2021-05-28 19:53:27 | [INFO]    | Connecting to Discord...
2021-05-28 19:53:28 | [INFO]    | Authenticated as Chad 2.0#0921
2021-05-28 19:53:28 | [INFO]    | Launching shard 0 (1 out of 1)...
2021-05-28 19:53:28 | [INFO]    | Shard 0 : Connected to wss://gateway.discord.gg
2021-05-28 19:53:28 | [INFO]    | Shard 0 : Received HELLO
2021-05-28 19:53:28 | [INFO]    | Shard 0 : Received READY
2021-05-28 19:55:43 | [INFO]    | Discordia 2.8.4
2021-05-28 19:55:43 | [INFO]    | Connecting to Discord...
2021-05-28 19:55:43 | [INFO]    | Authenticated as Chad 2.0#0921
2021-05-28 19:55:43 | [INFO]    | Launching shard 0 (1 out of 1)...
2021-05-28 19:55:43 | [INFO]    | Shard 0 : Connected to wss://gateway.discord.gg
2021-05-28 19:55:43 | [INFO]    | Shard 0 : Received HELLO
2021-05-28 19:55:43 | [INFO]    | Shard 0 : Received READY
2021-05-28 19:58:29 | [INFO]    | Discordia 2.8.4
2021-05-28 19:58:29 | [INFO]    | Connecting to Discord...
2021-05-28 19:58:29 | [INFO]    | Authenticated as Chad 2.0#0921
2021-05-28 19:58:29 | [INFO]    | Launching shard 0 (1 out of 1)...
2021-05-28 19:58:29 | [INFO]    | Shard 0 : Connected to wss://gateway.discord.gg
2021-05-28 19:58:29 | [INFO]    | Shard 0 : Received HELLO
2021-05-28 19:58:29 | [INFO]    | Shard 0 : Received READY
2021-05-28 19:58:41 | [INFO]    | Discordia 2.8.4
2021-05-28 19:58:41 | [INFO]    | Connecting to Discord...
2021-05-28 19:58:41 | [INFO]    | Authenticated as Chad 2.0#0921
2021-05-28 19:58:41 | [INFO]    | Launching shard 0 (1 out of 1)...
2021-05-28 19:58:42 | [INFO]    | Shard 0 : Connected to wss://gateway.discord.gg
2021-05-28 19:58:42 | [INFO]    | Shard 0 : Received HELLO
2021-05-28 19:58:42 | [INFO]    | Shard 0 : Received READY
2021-05-28 19:58:49 | [INFO]    | Discordia 2.8.4
2021-05-28 19:58:49 | [INFO]    | Connecting to Discord...
2021-05-28 19:58:49 | [INFO]    | Authenticated as Chad 2.0#0921
2021-05-28 19:58:49 | [INFO]    | Launching shard 0 (1 out of 1)...
2021-05-28 19:58:49 | [INFO]    | Shard 0 : Connected to wss://gateway.discord.gg
2021-05-28 19:58:49 | [INFO]    | Shard 0 : Received HELLO
2021-05-28 19:58:49 | [INFO]    | Shard 0 : Received READY
2021-05-28 19:59:03 | [INFO]    | Discordia 2.8.4
2021-05-28 19:59:03 | [INFO]    | Connecting to Discord...
2021-05-28 19:59:03 | [INFO]    | Authenticated as Chad 2.0#0921
2021-05-28 19:59:03 | [INFO]    | Launching shard 0 (1 out of 1)...
2021-05-28 19:59:04 | [INFO]    | Shard 0 : Connected to wss://gateway.discord.gg
2021-05-28 19:59:04 | [INFO]    | Shard 0 : Received HELLO
2021-05-28 19:59:04 | [INFO]    | Shard 0 : Received READY
2021-05-28 19:59:17 | [INFO]    | Discordia 2.8.4
2021-05-28 19:59:17 | [INFO]    | Connecting to Discord...
2021-05-28 19:59:17 | [INFO]    | Authenticated as Chad 2.0#0921
2021-05-28 19:59:17 | [INFO]    | Launching shard 0 (1 out of 1)...
2021-05-28 19:59:18 | [INFO]    | Shard 0 : Connected to wss://gateway.discord.gg
2021-05-28 19:59:18 | [INFO]    | Shard 0 : Received HELLO
2021-05-28 19:59:18 | [INFO]    | Shard 0 : Received READY
2021-05-28 20:00:42 | [INFO]    | Discordia 2.8.4
2021-05-28 20:00:42 | [INFO]    | Connecting to Discord...
2021-05-28 20:00:42 | [INFO]    | Authenticated as Chad 2.0#0921
2021-05-28 20:00:42 | [INFO]    | Launching shard 0 (1 out of 1)...
2021-05-28 20:00:42 | [INFO]    | Shard 0 : Connected to wss://gateway.discord.gg
2021-05-28 20:00:42 | [INFO]    | Shard 0 : Received HELLO
2021-05-28 20:00:42 | [INFO]    | Shard 0 : Received READY
2021-05-28 20:11:32 | [INFO]    | Discordia 2.8.4
2021-05-28 20:11:32 | [INFO]    | Connecting to Discord...
2021-05-28 20:11:32 | [INFO]    | Authenticated as Chad 2.0#0921
2021-05-28 20:11:32 | [INFO]    | Launching shard 0 (1 out of 1)...
2021-05-28 20:11:32 | [INFO]    | Shard 0 : Connected to wss://gateway.discord.gg
2021-05-28 20:11:32 | [INFO]    | Shard 0 : Received HELLO
2021-05-28 20:11:32 | [INFO]    | Shard 0 : Received READY
2021-05-28 20:12:06 | [INFO]    | Discordia 2.8.4
2021-05-28 20:12:06 | [INFO]    | Connecting to Discord...
2021-05-28 20:12:06 | [INFO]    | Authenticated as Chad 2.0#0921
2021-05-28 20:12:06 | [INFO]    | Launching shard 0 (1 out of 1)...
2021-05-28 20:12:06 | [INFO]    | Shard 0 : Connected to wss://gateway.discord.gg
2021-05-28 20:12:06 | [INFO]    | Shard 0 : Received HELLO
2021-05-28 20:12:07 | [INFO]    | Shard 0 : Received READY
2021-05-28 20:12:22 | [INFO]    | Discordia 2.8.4
2021-05-28 20:12:22 | [INFO]    | Connecting to Discord...
2021-05-28 20:12:22 | [INFO]    | Authenticated as Chad 2.0#0921
2021-05-28 20:12:22 | [INFO]    | Launching shard 0 (1 out of 1)...
2021-05-28 20:12:22 | [INFO]    | Shard 0 : Connected to wss://gateway.discord.gg
2021-05-28 20:12:22 | [INFO]    | Shard 0 : Received HELLO
2021-05-28 20:12:22 | [INFO]    | Shard 0 : Received READY
2021-05-28 20:13:34 | [INFO]    | Discordia 2.8.4
2021-05-28 20:13:34 | [INFO]    | Connecting to Discord...
2021-05-28 20:13:34 | [INFO]    | Authenticated as Chad 2.0#0921
2021-05-28 20:13:34 | [INFO]    | Launching shard 0 (1 out of 1)...
2021-05-28 20:13:34 | [INFO]    | Shard 0 : Connected to wss://gateway.discord.gg
2021-05-28 20:13:34 | [INFO]    | Shard 0 : Received HELLO
2021-05-28 20:13:34 | [INFO]    | Shard 0 : Received READY
2021-05-28 20:13:52 | [INFO]    | Discordia 2.8.4
2021-05-28 20:13:52 | [INFO]    | Connecting to Discord...
2021-05-28 20:13:52 | [INFO]    | Authenticated as Chad 2.0#0921
2021-05-28 20:13:52 | [INFO]    | Launching shard 0 (1 out of 1)...
2021-05-28 20:13:52 | [INFO]    | Shard 0 : Connected to wss://gateway.discord.gg
2021-05-28 20:13:52 | [INFO]    | Shard 0 : Received HELLO
2021-05-28 20:13:52 | [INFO]    | Shard 0 : Received READY
2021-05-28 20:18:59 | [INFO]    | Discordia 2.8.4
2021-05-28 20:18:59 | [INFO]    | Connecting to Discord...
2021-05-28 20:18:59 | [INFO]    | Authenticated as Chad 2.0#0921
2021-05-28 20:18:59 | [INFO]    | Launching shard 0 (1 out of 1)...
2021-05-28 20:18:59 | [INFO]    | Shard 0 : Connected to wss://gateway.discord.gg
2021-05-28 20:18:59 | [INFO]    | Shard 0 : Received HELLO
2021-05-28 20:18:59 | [INFO]    | Shard 0 : Received READY
2021-05-28 20:19:24 | [INFO]    | Discordia 2.8.4
2021-05-28 20:19:24 | [INFO]    | Connecting to Discord...
2021-05-28 20:19:24 | [INFO]    | Authenticated as Chad 2.0#0921
2021-05-28 20:19:24 | [INFO]    | Launching shard 0 (1 out of 1)...
2021-05-28 20:19:25 | [INFO]    | Shard 0 : Connected to wss://gateway.discord.gg
2021-05-28 20:19:25 | [INFO]    | Shard 0 : Received HELLO
2021-05-28 20:19:25 | [INFO]    | Shard 0 : Received READY
2021-05-28 20:20:11 | [INFO]    | Discordia 2.8.4
2021-05-28 20:20:11 | [INFO]    | Connecting to Discord...
2021-05-28 20:20:11 | [INFO]    | Authenticated as Chad 2.0#0921
2021-05-28 20:20:11 | [INFO]    | Launching shard 0 (1 out of 1)...
2021-05-28 20:20:11 | [INFO]    | Shard 0 : Connected to wss://gateway.discord.gg
2021-05-28 20:20:11 | [INFO]    | Shard 0 : Received HELLO
2021-05-28 20:20:11 | [INFO]    | Shard 0 : Received READY
2021-05-28 20:20:18 | [INFO]    | Discordia 2.8.4
2021-05-28 20:20:18 | [INFO]    | Connecting to Discord...
2021-05-28 20:20:18 | [INFO]    | Authenticated as Chad 2.0#0921
2021-05-28 20:20:18 | [INFO]    | Launching shard 0 (1 out of 1)...
2021-05-28 20:20:18 | [INFO]    | Shard 0 : Connected to wss://gateway.discord.gg
2021-05-28 20:20:18 | [INFO]    | Shard 0 : Received HELLO
2021-05-28 20:20:19 | [INFO]    | Shard 0 : Received READY
2021-05-28 20:20:37 | [INFO]    | Discordia 2.8.4
2021-05-28 20:20:37 | [INFO]    | Connecting to Discord...
2021-05-28 20:20:37 | [INFO]    | Authenticated as Chad 2.0#0921
2021-05-28 20:20:37 | [INFO]    | Launching shard 0 (1 out of 1)...
2021-05-28 20:20:37 | [INFO]    | Shard 0 : Connected to wss://gateway.discord.gg
2021-05-28 20:20:37 | [INFO]    | Shard 0 : Received HELLO
2021-05-28 20:20:37 | [INFO]    | Shard 0 : Received READY
2021-05-28 20:30:18 | [INFO]    | Discordia 2.8.4
2021-05-28 20:30:18 | [INFO]    | Connecting to Discord...
2021-05-28 20:30:18 | [INFO]    | Authenticated as Chad 2.0#0921
2021-05-28 20:30:18 | [INFO]    | Launching shard 0 (1 out of 1)...
2021-05-28 20:30:18 | [INFO]    | Shard 0 : Connected to wss://gateway.discord.gg
2021-05-28 20:30:18 | [INFO]    | Shard 0 : Received HELLO
2021-05-28 20:30:18 | [INFO]    | Shard 0 : Received READY
2021-05-28 20:32:25 | [WARNING] | Shard 0 : 4003 - Not authenticated.
2021-05-28 20:32:25 | [INFO]    | Shard 0 : Disconnected
2021-05-28 20:32:25 | [INFO]    | Shard 0 : Reconnecting after 960 ms...
2021-05-28 20:32:26 | [INFO]    | Shard 0 : Connected to wss://gateway.discord.gg
2021-05-28 20:32:26 | [INFO]    | Shard 0 : Received HELLO
2021-05-28 20:32:26 | [INFO]    | Shard 0 : Session invalidated, re-identifying...
2021-05-28 20:32:30 | [WARNING] | Shard 0 : 4004 - Authentication failed.
2021-05-28 20:32:30 | [INFO]    | Shard 0 : Disconnected
2021-05-28 20:32:30 | [INFO]    | Shard 0 : Reconnecting after 2111 ms...
2021-05-28 20:32:32 | [INFO]    | Shard 0 : Connected to wss://gateway.discord.gg
2021-05-28 20:32:32 | [INFO]    | Shard 0 : Received HELLO
2021-05-28 20:32:37 | [WARNING] | Shard 0 : 4004 - Authentication failed.
2021-05-28 20:32:37 | [INFO]    | Shard 0 : Disconnected
2021-05-28 20:32:37 | [INFO]    | Shard 0 : Reconnecting after 4205 ms...
2021-05-28 20:32:41 | [INFO]    | Shard 0 : Connected to wss://gateway.discord.gg
2021-05-28 20:32:41 | [INFO]    | Shard 0 : Received HELLO
2021-05-28 20:32:45 | [WARNING] | Shard 0 : 4004 - Authentication failed.
2021-05-28 20:32:45 | [INFO]    | Shard 0 : Disconnected
2021-05-28 20:32:45 | [INFO]    | Shard 0 : Reconnecting after 8536 ms...
2021-05-28 20:32:53 | [INFO]    | Shard 0 : Connected to wss://gateway.discord.gg
2021-05-28 20:32:53 | [INFO]    | Shard 0 : Received HELLO
2021-05-28 20:32:53 | [WARNING] | Shard 0 : 4004 - Authentication failed.
2021-05-28 20:32:53 | [INFO]    | Shard 0 : Disconnected
2021-05-28 20:32:53 | [INFO]    | Shard 0 : Reconnecting after 16473 ms...
2021-05-28 20:33:10 | [INFO]    | Shard 0 : Connected to wss://gateway.discord.gg
2021-05-28 20:33:10 | [INFO]    | Shard 0 : Received HELLO
2021-05-28 20:33:10 | [WARNING] | Shard 0 : 4004 - Authentication failed.
2021-05-28 20:33:10 | [INFO]    | Shard 0 : Disconnected
2021-05-28 20:33:10 | [INFO]    | Shard 0 : Reconnecting after 33875 ms...
2021-05-28 20:33:44 | [INFO]    | Shard 0 : Connected to wss://gateway.discord.gg
2021-05-28 20:33:44 | [INFO]    | Shard 0 : Received HELLO
2021-05-28 20:33:44 | [WARNING] | Shard 0 : 4004 - Authentication failed.
2021-05-28 20:33:44 | [INFO]    | Shard 0 : Disconnected
2021-05-28 20:33:44 | [INFO]    | Shard 0 : Reconnecting after 62782 ms...
2021-05-28 20:34:47 | [INFO]    | Shard 0 : Connected to wss://gateway.discord.gg
2021-05-28 20:34:47 | [INFO]    | Shard 0 : Received HELLO
2021-05-28 20:34:47 | [WARNING] | Shard 0 : 4004 - Authentication failed.
2021-05-28 20:34:47 | [INFO]    | Shard 0 : Disconnected
2021-05-28 20:34:47 | [INFO]    | Shard 0 : Reconnecting after 64063 ms...
2021-05-28 20:35:50 | [INFO]    | Discordia 2.8.4
2021-05-28 20:35:50 | [INFO]    | Connecting to Discord...
2021-05-28 20:35:50 | [INFO]    | Authenticated as Chad 2.0#0921
2021-05-28 20:35:50 | [INFO]    | Launching shard 0 (1 out of 1)...
2021-05-28 20:35:50 | [INFO]    | Shard 0 : Connected to wss://gateway.discord.gg
2021-05-28 20:35:50 | [INFO]    | Shard 0 : Received HELLO
2021-05-28 20:35:50 | [INFO]    | Shard 0 : Received READY
2021-05-28 20:42:30 | [INFO]    | Discordia 2.8.4
2021-05-28 20:42:30 | [INFO]    | Connecting to Discord...
2021-05-28 20:42:30 | [INFO]    | Authenticated as Chad 2.0#0921
2021-05-28 20:42:30 | [INFO]    | Launching shard 0 (1 out of 1)...
2021-05-28 20:42:30 | [INFO]    | Shard 0 : Connected to wss://gateway.discord.gg
2021-05-28 20:42:30 | [INFO]    | Shard 0 : Received HELLO
2021-05-28 20:42:30 | [INFO]    | Shard 0 : Received READY
2021-05-28 21:04:13 | [INFO]    | Discordia 2.8.4
2021-05-28 21:04:13 | [INFO]    | Connecting to Discord...
2021-05-28 21:04:13 | [INFO]    | Authenticated as Chad 2.0#0921
2021-05-28 21:04:13 | [INFO]    | Launching shard 0 (1 out of 1)...
2021-05-28 21:04:13 | [INFO]    | Shard 0 : Connected to wss://gateway.discord.gg
2021-05-28 21:04:13 | [INFO]    | Shard 0 : Received HELLO
2021-05-28 21:04:13 | [INFO]    | Shard 0 : Received READY
2021-05-28 21:04:42 | [INFO]    | Shard 0 : Disconnected
2021-05-28 21:07:06 | [INFO]    | Discordia 2.8.4
2021-05-28 21:07:06 | [INFO]    | Connecting to Discord...
2021-05-28 21:07:06 | [INFO]    | Authenticated as Chad 2.0#0921
2021-05-28 21:07:06 | [INFO]    | Launching shard 0 (1 out of 1)...
2021-05-28 21:07:06 | [INFO]    | Shard 0 : Connected to wss://gateway.discord.gg
2021-05-28 21:07:06 | [INFO]    | Shard 0 : Received HELLO
2021-05-28 21:07:06 | [INFO]    | Shard 0 : Received READY
2021-05-28 21:07:10 | [INFO]    | Shard 0 : Disconnected
2021-05-28 21:07:39 | [INFO]    | Discordia 2.8.4
2021-05-28 21:07:39 | [INFO]    | Connecting to Discord...
2021-05-28 21:07:39 | [INFO]    | Authenticated as Chad 2.0#0921
2021-05-28 21:07:39 | [INFO]    | Launching shard 0 (1 out of 1)...
2021-05-28 21:07:39 | [INFO]    | Shard 0 : Connected to wss://gateway.discord.gg
2021-05-28 21:07:39 | [INFO]    | Shard 0 : Received HELLO
2021-05-28 21:07:39 | [INFO]    | Shard 0 : Received READY
2021-05-28 21:07:56 | [INFO]    | Shard 0 : Disconnected
